<?xml version="1.0" encoding="UTF-8"?>
<!-- Generated by org.testng.reporters.JUnitReportReporter -->
<testsuite hostname="Muthus-MacBook-Pro.local" failures="0" tests="1" name="restAssuredDemo1.Test_Delete" time="3.298" errors="0" timestamp="2020-05-01T22:51:31 MDT" skipped="0">
  <testcase classname="restAssuredDemo1.Test_Delete" name="test_1_put" time="3.298"/>
  <system-out/>
</testsuite> <!-- restAssuredDemo1.Test_Delete -->
