<?xml version="1.0" encoding="UTF-8"?>
<!-- Generated by org.testng.reporters.JUnitReportReporter -->
<testsuite hostname="Muthus-MacBook-Pro.local" failures="0" tests="2" name="restAssuredDemo1.Test01_GET" time="2.628" errors="0" timestamp="2020-04-26T16:46:54 MDT" skipped="0">
  <testcase classname="restAssuredDemo1.Test01_GET" name="test_01" time="2.429"/>
  <system-out/>
  <testcase classname="restAssuredDemo1.Test01_GET" name="test_02" time="0.199"/>
  <system-out/>
</testsuite> <!-- restAssuredDemo1.Test01_GET -->
