<?xml version="1.0" encoding="UTF-8"?>
<!-- Generated by org.testng.reporters.JUnitReportReporter -->
<testsuite hostname="Muthus-MacBook-Pro.local" failures="0" tests="1" name="restAssuredDemo1.DataDrivenExamples" time="2.083" errors="0" timestamp="2020-05-03T15:07:43 MDT" skipped="0">
  <testcase classname="restAssuredDemo1.DataDrivenExamples" name="test1_delete" time="2.083"/>
  <system-out/>
</testsuite> <!-- restAssuredDemo1.DataDrivenExamples -->
