<?xml version="1.0" encoding="UTF-8"?>
<!-- Generated by org.testng.reporters.JUnitReportReporter -->
<testsuite hostname="Muthus-MacBook-Pro.local" failures="0" tests="1" name="restAssuredDemo1.mockServerDemo" time="2.160" errors="0" timestamp="2020-05-02T23:13:47 MDT" skipped="0">
  <testcase classname="restAssuredDemo1.mockServerDemo" name="test_delete" time="2.160"/>
  <system-out/>
</testsuite> <!-- restAssuredDemo1.mockServerDemo -->
