<?xml version="1.0" encoding="UTF-8"?>
<!-- Generated by org.testng.reporters.JUnitReportReporter -->
<testsuite hostname="Muthus-MacBook-Pro.local" failures="0" tests="1" name="restAssuredDemo1.Test_Put" time="41.127" errors="0" timestamp="2020-04-28T22:19:03 MDT" skipped="0">
  <testcase classname="restAssuredDemo1.Test_Put" name="test_1_put" time="41.127"/>
  <system-out/>
</testsuite> <!-- restAssuredDemo1.Test_Put -->
