<?xml version="1.0" encoding="UTF-8"?>
<!-- Generated by org.testng.reporters.JUnitReportReporter -->
<testsuite hostname="Muthus-MacBook-Pro.local" failures="0" tests="2" name="restAssuredDemo1.Test_GET" time="3.429" errors="0" timestamp="2020-04-28T21:38:20 MDT" skipped="0">
  <testcase classname="restAssuredDemo1.Test_GET" name="Test_1" time="3.131"/>
  <system-out/>
  <testcase classname="restAssuredDemo1.Test_GET" name="Test_2" time="0.298"/>
  <system-out/>
</testsuite> <!-- restAssuredDemo1.Test_GET -->
