<?xml version="1.0" encoding="UTF-8"?>
<!-- Generated by org.testng.reporters.JUnitReportReporter -->
<testsuite hostname="Muthus-MacBook-Pro.local" failures="0" tests="1" name="utils.ExcelUtils" time="0.721" errors="0" timestamp="2020-05-03T15:27:16 MDT" skipped="0">
  <testcase classname="utils.ExcelUtils" name="getRowCount" time="0.721"/>
  <system-out/>
</testsuite> <!-- utils.ExcelUtils -->
